Cannot set readout count. (Acquisition In Progress)
Failed to close camera. (Invalid Handle)
Connection closed
Connection closed
Connection closed
Failed to refresh camera model. (Acquisition In Progress)
Cannot set readout count. (Acquisition In Progress)
Failed to commit to camera device. (Acquisition In Progress)
Failed to commit to camera device. (Acquisition In Progress)
Failed to commit to camera device. (Acquisition In Progress)
Failed to commit to camera device. (Acquisition In Progress)
Failed to commit to camera device. (Acquisition In Progress)
Failed to commit to camera device. (Acquisition In Progress)
Failed to commit to camera device. (Acquisition In Progress)
Failed to commit to camera device. (Acquisition In Progress)
Failed to commit to camera device. (Acquisition In Progress)
Failed to commit to camera device. (Acquisition In Progress)
Failed to commit to camera device. (Acquisition In Progress)
Failed to commit to camera device. (Acquisition In Progress)
Failed to commit to camera device. (Acquisition In Progress)
Failed to commit to camera device. (Acquisition In Progress)
Failed to commit to camera device. (Acquisition In Progress)
Failed to commit to camera device. (Acquisition In Progress)
Failed to commit to camera device. (Acquisition In Progress)
Failed to commit to camera device. (Acquisition In Progress)
Failed to commit to camera device. (Acquisition In Progress)
Failed to commit to camera device. (Acquisition In Progress)
Failed to commit to camera device. (Acquisition In Progress)
Failed to commit to camera device. (Acquisition In Progress)
Failed to commit to camera device. (Acquisition In Progress)
Failed to commit to camera device. (Acquisition In Progress)
Failed to commit to camera device. (Acquisition In Progress)
Failed to commit to camera device. (Acquisition In Progress)
Failed to commit to camera device. (Acquisition In Progress)
Failed to refresh camera model. (Acquisition In Progress)
Failed to commit to camera device. (Acquisition In Progress)
Failed to commit to camera device. (Acquisition In Progress)
Failed to commit to camera device. (Acquisition In Progress)
Failed to commit to camera device. (Acquisition In Progress)
Failed to commit to camera device. (Acquisition In Progress)
Failed to commit to camera device. (Acquisition In Progress)
Failed to commit to camera device. (Acquisition In Progress)
Failed to commit to camera device. (Acquisition In Progress)
Failed to commit to camera device. (Acquisition In Progress)
Failed to commit to camera device. (Acquisition In Progress)
Failed to commit to camera device. (Acquisition In Progress)
Failed to commit to camera device. (Acquisition In Progress)
Failed to commit to camera device. (Acquisition In Progress)
Failed to commit to camera device. (Acquisition In Progress)
Failed to refresh camera model. (Acquisition In Progress)
